INFO - B-Tree Order: 4, minimum degree: 2, #items/node: 1 - 3, height: 0, items: 0
INFO - ---------------
INFO - +++ insert(key: E, value: 0)
INFO - +++ insert(item: E: "0")
INFO - +++ insert(key: y, value: 1)
INFO - +++ insert(item: y: "1")
INFO - +++ insert(key: 1, value: 2)
INFO - +++ insert(item: 1: "2")
INFO - +++ insert(key: e, value: 3)
INFO - +++ insert(item: e: "3")
INFO - +++ insert(key: j, value: 4)
INFO - +++ insert(item: j: "4")
INFO - +++ insert(key: k, value: 5)
INFO - +++ insert(item: k: "5")
INFO - +++ insert(key: m, value: 6)
INFO - +++ insert(item: m: "6")
INFO - +++ insert(key: 0, value: 7)
INFO - +++ insert(item: 0: "7")
INFO - +++ insert(key: g, value: 8)
INFO - +++ insert(item: g: "8")
INFO - +++ insert(key: C, value: 9)
INFO - +++ insert(item: C: "9")
INFO - +++ insert(key: X, value: 10)
INFO - +++ insert(item: X: "10")
INFO - +++ insert(key: P, value: 11)
INFO - +++ insert(item: P: "11")
INFO - +++ insert(key: v, value: 12)
INFO - +++ insert(item: v: "12")
INFO - +++ insert(key: U, value: 13)
INFO - +++ insert(item: U: "13")
INFO - +++ insert(key: z, value: 14)
INFO - +++ insert(item: z: "14")
INFO - +++ insert(key: O, value: 15)
INFO - +++ insert(item: O: "15")
INFO - +++ insert(key: 8, value: 16)
INFO - +++ insert(item: 8: "16")
INFO - +++ insert(key: f, value: 17)
INFO - +++ insert(item: f: "17")
INFO - +++ insert(key: u, value: 18)
INFO - +++ insert(item: u: "18")
INFO - +++ insert(key: 9, value: 19)
INFO - +++ insert(item: 9: "19")
INFO - +++ insert(key: 4, value: 20)
INFO - +++ insert(item: 4: "20")
INFO - +++ insert(key: D, value: 21)
INFO - +++ insert(item: D: "21")
INFO - +++ insert(key: a, value: 22)
INFO - +++ insert(item: a: "22")
INFO - +++ insert(key: Y, value: 23)
INFO - +++ insert(item: Y: "23")
INFO - +++ insert(key: L, value: 24)
INFO - +++ insert(item: L: "24")
INFO - +++ insert(key: h, value: 25)
INFO - +++ insert(item: h: "25")
INFO - +++ insert(key: G, value: 26)
INFO - +++ insert(item: G: "26")
INFO - +++ insert(key: V, value: 27)
INFO - +++ insert(item: V: "27")
INFO - +++ insert(key: l, value: 28)
INFO - +++ insert(item: l: "28")
INFO - +++ insert(key: Z, value: 29)
INFO - +++ insert(item: Z: "29")
INFO - +++ insert(key: 3, value: 30)
INFO - +++ insert(item: 3: "30")
INFO - +++ insert(key: o, value: 31)
INFO - +++ insert(item: o: "31")
INFO - +++ insert(key: B, value: 32)
INFO - +++ insert(item: B: "32")
INFO - +++ insert(key: I, value: 33)
INFO - +++ insert(item: I: "33")
INFO - +++ insert(key: b, value: 34)
INFO - +++ insert(item: b: "34")
INFO - +++ insert(key: T, value: 35)
INFO - +++ insert(item: T: "35")
INFO - +++ insert(key: x, value: 36)
INFO - +++ insert(item: x: "36")
INFO - +++ insert(key: s, value: 37)
INFO - +++ insert(item: s: "37")
INFO - +++ insert(key: q, value: 38)
INFO - +++ insert(item: q: "38")
INFO - +++ insert(key: M, value: 39)
INFO - +++ insert(item: M: "39")
INFO - +++ insert(key: n, value: 40)
INFO - +++ insert(item: n: "40")
INFO - +++ insert(key: c, value: 41)
INFO - +++ insert(item: c: "41")
INFO - +++ insert(key: 2, value: 42)
INFO - +++ insert(item: 2: "42")
INFO - +++ insert(key: J, value: 43)
INFO - +++ insert(item: J: "43")
INFO - +++ insert(key: A, value: 44)
INFO - +++ insert(item: A: "44")
INFO - +++ insert(key: W, value: 45)
INFO - +++ insert(item: W: "45")
INFO - +++ insert(key: N, value: 46)
INFO - +++ insert(item: N: "46")
INFO - +++ insert(key: 6, value: 47)
INFO - +++ insert(item: 6: "47")
INFO - +++ insert(key: t, value: 48)
INFO - +++ insert(item: t: "48")
INFO - +++ insert(key: r, value: 49)
INFO - +++ insert(item: r: "49")
INFO - +++ insert(key: 5, value: 50)
INFO - +++ insert(item: 5: "50")
INFO - +++ insert(key: R, value: 51)
INFO - +++ insert(item: R: "51")
INFO - +++ insert(key: H, value: 52)
INFO - +++ insert(item: H: "52")
INFO - +++ insert(key: p, value: 53)
INFO - +++ insert(item: p: "53")
INFO - +++ insert(key: 7, value: 54)
INFO - +++ insert(item: 7: "54")
INFO - +++ insert(key: K, value: 55)
INFO - +++ insert(item: K: "55")
INFO - +++ insert(key: F, value: 56)
INFO - +++ insert(item: F: "56")
INFO - +++ insert(key: S, value: 57)
INFO - +++ insert(item: S: "57")
INFO - +++ insert(key: d, value: 58)
INFO - +++ insert(item: d: "58")
INFO - +++ insert(key: Q, value: 59)
INFO - +++ insert(item: Q: "59")
INFO - +++ insert(key: i, value: 60)
INFO - +++ insert(item: i: "60")
INFO - +++ insert(key: w, value: 61)
INFO - +++ insert(item: w: "61")
INFO - B-Tree Order: 4, minimum degree: 2, #items/node: 1 - 3, height: 3, items: 62
INFO -             *0: "7"
INFO -         *1: "2"
INFO -             *2: "42"
INFO -          3: "30"
INFO -             *4: "20"
INFO -          5: "50"
INFO -             *6: "47"
INFO -              7: "54"
INFO -     *8: "16"
INFO -             *9: "19"
INFO -              A: "44"
INFO -         *B: "32"
INFO -             *C: "9"
INFO -              D: "21"
INFO - *E: "0"
INFO -             *F: "56"
INFO -              G: "26"
INFO -              H: "52"
INFO -         *I: "33"
INFO -             *J: "43"
INFO -              K: "55"
INFO -     *L: "24"
INFO -             *M: "39"
INFO -              N: "46"
INFO -         *O: "15"
INFO -             *P: "11"
INFO -          Q: "59"
INFO -             *R: "51"
INFO -              S: "57"
INFO -          T: "35"
INFO -             *U: "13"
INFO -              V: "27"
INFO -              W: "45"
INFO -  X: "10"
INFO -             *Y: "23"
INFO -         *Z: "29"
INFO -             *a: "22"
INFO -     *b: "34"
INFO -             *c: "41"
INFO -              d: "58"
INFO -         *e: "3"
INFO -             *f: "17"
INFO -          g: "8"
INFO -             *h: "25"
INFO -              i: "60"
INFO -      j: "4"
INFO -             *k: "5"
INFO -              l: "28"
INFO -         *m: "6"
INFO -             *n: "40"
INFO -              o: "31"
INFO -              p: "53"
INFO -      q: "38"
INFO -             *r: "49"
INFO -         *s: "37"
INFO -             *t: "48"
INFO -              u: "18"
INFO -          v: "12"
INFO -             *w: "61"
INFO -          x: "36"
INFO -             *y: "1"
INFO -              z: "14"
INFO - ---------------
INFO - original letters: 0123456789ABCDEFGHIJKLMNOPQRSTUVWXYZabcdefghijklmnopqrstuvwxyz
INFO - letters in btree: 0123456789ABCDEFGHIJKLMNOPQRSTUVWXYZabcdefghijklmnopqrstuvwxyz
INFO - B-Tree Order: 4, minimum degree: 2, #items/node: 1 - 3, height: 0, items: 0
INFO - ---------------
INFO - +++ insert(key: 0, value: 0)
INFO - +++ insert(item: 0: "0")
INFO - +++ insert(key: 1, value: 1)
INFO - +++ insert(item: 1: "1")
INFO - +++ insert(key: 2, value: 2)
INFO - +++ insert(item: 2: "2")
INFO - +++ insert(key: 3, value: 3)
INFO - +++ insert(item: 3: "3")
INFO - +++ insert(key: 4, value: 4)
INFO - +++ insert(item: 4: "4")
INFO - +++ insert(key: 5, value: 5)
INFO - +++ insert(item: 5: "5")
INFO - +++ insert(key: 6, value: 6)
INFO - +++ insert(item: 6: "6")
INFO - +++ insert(key: 7, value: 7)
INFO - +++ insert(item: 7: "7")
INFO - +++ insert(key: 8, value: 8)
INFO - +++ insert(item: 8: "8")
INFO - +++ insert(key: 9, value: 9)
INFO - +++ insert(item: 9: "9")
INFO - +++ insert(key: 10, value: 10)
INFO - +++ insert(item: 10: "10")
INFO - +++ insert(key: 11, value: 11)
INFO - +++ insert(item: 11: "11")
INFO - +++ insert(key: 12, value: 12)
INFO - +++ insert(item: 12: "12")
INFO - +++ insert(key: 13, value: 13)
INFO - +++ insert(item: 13: "13")
INFO - +++ insert(item: 4: "4.1")
INFO - +++ insert(item: 4: "4.2")
INFO - +++ insert(item: 4: "4.3")
INFO - +++ insert(item: 4: "4.4")
INFO - +++ insert(item: 4: "4.5")
INFO - +++ insert(item: 4: "4.6")
INFO - +++ insert(item: 4: "4.7")
INFO - B-Tree Order: 4, minimum degree: 2, #items/node: 1 - 3, height: 2, items: 21
INFO -         *0: "0"
INFO -     *1: "1"
INFO -         *2: "2"
INFO - *3: "3"
INFO -         *4: "4"
INFO -     *4: "4.1"
INFO -         *4: "4.2"
INFO -  4: "4.3"
INFO -         *4: "4.4"
INFO -     *4: "4.5"
INFO -         *4: "4.6"
INFO -          4: "4.7"
INFO -      5: "5"
INFO -         *6: "6"
INFO -  7: "7"
INFO -         *8: "8"
INFO -     *9: "9"
INFO -         *10: "10"
INFO -      11: "11"
INFO -         *12: "12"
INFO -          13: "13"
INFO - ---------------
INFO - ... search(key: 4) = #8: [4: "4", 4: "4.1", 4: "4.2", 4: "4.3", 4: "4.4", 4: "4.5", 4: "4.6", 4: "4.7"]
INFO - ... search(key: 40) = #0: []
INFO - --- delete(key: 5, item: None) = 5: "5"
INFO - B-Tree Order: 4, minimum degree: 2, #items/node: 1 - 3, height: 2, items: 20
INFO -         *0: "0"
INFO -     *1: "1"
INFO -         *2: "2"
INFO - *3: "3"
INFO -         *4: "4"
INFO -     *4: "4.1"
INFO -         *4: "4.2"
INFO -  4: "4.3"
INFO -         *4: "4.4"
INFO -     *4: "4.5"
INFO -         *4: "4.6"
INFO -      4: "4.7"
INFO -         *6: "6"
INFO -  7: "7"
INFO -         *8: "8"
INFO -     *9: "9"
INFO -         *10: "10"
INFO -      11: "11"
INFO -         *12: "12"
INFO -          13: "13"
INFO - ---------------
INFO - --- delete(key: 5, item: None) = None
INFO - B-Tree Order: 4, minimum degree: 2, #items/node: 1 - 3, height: 2, items: 20
INFO -         *0: "0"
INFO -     *1: "1"
INFO -         *2: "2"
INFO - *3: "3"
INFO -         *4: "4"
INFO -     *4: "4.1"
INFO -         *4: "4.2"
INFO -  4: "4.3"
INFO -         *4: "4.4"
INFO -     *4: "4.5"
INFO -         *4: "4.6"
INFO -          4: "4.7"
INFO -          6: "6"
INFO -  7: "7"
INFO -         *8: "8"
INFO -     *9: "9"
INFO -         *10: "10"
INFO -      11: "11"
INFO -         *12: "12"
INFO -          13: "13"
INFO - ---------------
INFO - B-Tree Order: 4, minimum degree: 2, #items/node: 1 - 3, height: 2, items: 20
INFO -         *0: "0"
INFO -     *1: "1"
INFO -         *2: "2"
INFO - *3: "3"
INFO -         *4: "4"
INFO -     *4: "4.1"
INFO -         *4: "4.2"
INFO -  4: "4.3"
INFO -         *4: "4.4"
INFO -     *4: "4.5"
INFO -         *4: "4.6"
INFO -          4: "4.7"
INFO -          6: "6"
INFO -      7: "7"
INFO -         *8: "8"
INFO -  9: "9"
INFO -         *10: "10"
INFO -     *11: "11"
INFO -         *12: "12"
INFO -          13: "13"
INFO - ---------------
INFO - ... search(key: 4) = #8: [4: "4", 4: "4.1", 4: "4.2", 4: "4.3", 4: "4.4", 4: "4.5", 4: "4.6", 4: "4.7"]
INFO - --- delete(key: 4, item: 4: "4.3") = 4: "4.3"
INFO - B-Tree Order: 4, minimum degree: 2, #items/node: 1 - 3, height: 2, items: 19
INFO -         *0: "0"
INFO -     *1: "1"
INFO -         *2: "2"
INFO - *3: "3"
INFO -         *4: "4"
INFO -          4: "4.1"
INFO -     *4: "4.2"
INFO -         *4: "4.4"
INFO -  4: "4.5"
INFO -         *4: "4.6"
INFO -          4: "4.7"
INFO -          6: "6"
INFO -     *7: "7"
INFO -         *8: "8"
INFO -  9: "9"
INFO -         *10: "10"
INFO -     *11: "11"
INFO -         *12: "12"
INFO -          13: "13"
INFO - ---------------
INFO - --- delete_all(key: 4)
INFO - --- delete(key: 4, item: None) = 4: "4"
INFO - --- delete(key: 4, item: None) = 4: "4.1"
INFO - --- delete(key: 4, item: None) = 4: "4.2"
INFO - --- delete(key: 4, item: None) = 4: "4.4"
INFO - --- delete(key: 4, item: None) = 4: "4.5"
INFO - --- delete(key: 4, item: None) = 4: "4.6"
INFO - --- delete(key: 4, item: None) = 4: "4.7"
INFO - --- delete(key: 4, item: None) = None
INFO -     delete_all removed #7: [4: "4", 4: "4.1", 4: "4.2", 4: "4.4", 4: "4.5", 4: "4.6", 4: "4.7"]
INFO - B-Tree Order: 4, minimum degree: 2, #items/node: 1 - 3, height: 2, items: 12
INFO -         *0: "0"
INFO -     *1: "1"
INFO -         *2: "2"
INFO - *3: "3"
INFO -         *6: "6"
INFO -          7: "7"
INFO -          8: "8"
INFO -     *9: "9"
INFO -         *10: "10"
INFO -      11: "11"
INFO -         *12: "12"
INFO -          13: "13"
INFO - ---------------
INFO - --- delete(key: 14, item: None) = None
INFO - --- delete(key: 13, item: None) = 13: "13"
INFO - B-Tree Order: 4, minimum degree: 2, #items/node: 1 - 3, height: 2, items: 11
INFO -         *0: "0"
INFO -     *1: "1"
INFO -         *2: "2"
INFO - *3: "3"
INFO -         *6: "6"
INFO -          7: "7"
INFO -          8: "8"
INFO -     *9: "9"
INFO -         *10: "10"
INFO -      11: "11"
INFO -         *12: "12"
INFO - ---------------
INFO - --- delete(key: 12, item: None) = 12: "12"
INFO - B-Tree Order: 4, minimum degree: 2, #items/node: 1 - 3, height: 2, items: 10
INFO -         *0: "0"
INFO -     *1: "1"
INFO -         *2: "2"
INFO - *3: "3"
INFO -         *6: "6"
INFO -          7: "7"
INFO -          8: "8"
INFO -     *9: "9"
INFO -         *10: "10"
INFO -          11: "11"
INFO - ---------------
INFO - --- delete(key: 11, item: None) = 11: "11"
INFO - B-Tree Order: 4, minimum degree: 2, #items/node: 1 - 3, height: 1, items: 9
INFO -     *0: "0"
INFO - *1: "1"
INFO -     *2: "2"
INFO -  3: "3"
INFO -     *6: "6"
INFO -      7: "7"
INFO -      8: "8"
INFO -  9: "9"
INFO -     *10: "10"
INFO - ---------------
INFO - --- delete(key: 10, item: None) = 10: "10"
INFO - B-Tree Order: 4, minimum degree: 2, #items/node: 1 - 3, height: 1, items: 8
INFO -     *0: "0"
INFO - *1: "1"
INFO -     *2: "2"
INFO -  3: "3"
INFO -     *6: "6"
INFO -      7: "7"
INFO -  8: "8"
INFO -     *9: "9"
INFO - ---------------
INFO - --- delete(key: 9, item: None) = 9: "9"
INFO - B-Tree Order: 4, minimum degree: 2, #items/node: 1 - 3, height: 1, items: 7
INFO -     *0: "0"
INFO - *1: "1"
INFO -     *2: "2"
INFO -  3: "3"
INFO -     *6: "6"
INFO -  7: "7"
INFO -     *8: "8"
INFO - ---------------
INFO - --- delete(key: 8, item: None) = 8: "8"
INFO - B-Tree Order: 4, minimum degree: 2, #items/node: 1 - 3, height: 1, items: 6
INFO -     *0: "0"
INFO - *1: "1"
INFO -     *2: "2"
INFO -  3: "3"
INFO -     *6: "6"
INFO -      7: "7"
INFO - ---------------
INFO - --- delete(key: 7, item: None) = 7: "7"
INFO - B-Tree Order: 4, minimum degree: 2, #items/node: 1 - 3, height: 1, items: 5
INFO -     *0: "0"
INFO - *1: "1"
INFO -     *2: "2"
INFO -  3: "3"
INFO -     *6: "6"
INFO - ---------------
INFO - --- delete(key: 6, item: None) = 6: "6"
INFO - B-Tree Order: 4, minimum degree: 2, #items/node: 1 - 3, height: 1, items: 4
INFO -     *0: "0"
INFO - *1: "1"
INFO -     *2: "2"
INFO -      3: "3"
INFO - ---------------
INFO - --- delete(key: 5, item: None) = None
INFO - --- delete(key: 4, item: None) = None
INFO - --- delete(key: 3, item: None) = 3: "3"
INFO - B-Tree Order: 4, minimum degree: 2, #items/node: 1 - 3, height: 1, items: 3
INFO -     *0: "0"
INFO - *1: "1"
INFO -     *2: "2"
INFO - ---------------
INFO - --- delete(key: 2, item: None) = 2: "2"
INFO - B-Tree Order: 4, minimum degree: 2, #items/node: 1 - 3, height: 0, items: 2
INFO - *0: "0"
INFO -  1: "1"
INFO - ---------------
INFO - --- delete(key: 1, item: None) = 1: "1"
INFO - B-Tree Order: 4, minimum degree: 2, #items/node: 1 - 3, height: 0, items: 1
INFO - *0: "0"
INFO - ---------------
INFO - --- delete(key: 0, item: None) = 0: "0"
INFO - B-Tree Order: 4, minimum degree: 2, #items/node: 1 - 3, height: 0, items: 0
INFO - ---------------
INFO - B-Tree Order: 8, minimum degree: 4, #items/node: 3 - 7, height: 0, items: 0
INFO - ---------------
INFO - insert: "={key}=" in range(1001)
INFO - delete: key in range(1001)
INFO - B-Tree Order: 8, minimum degree: 4, #items/node: 3 - 7, height: 0, items: 0
INFO - ---------------
INFO - insert: "+{key}+" in range(1001)
INFO - insert: "#{key}###" in reversed(range(100, 200, 2))
INFO - B-Tree Order: 8, minimum degree: 4, #items/node: 3 - 7, height: 4, items: 1051
INFO -                 *0: "+0+"
INFO -                  1: "+1+"
INFO -                  2: "+2+"
INFO -             *3: "+3+"
INFO -                 *4: "+4+"
INFO -                  5: "+5+"
INFO -                  6: "+6+"
INFO -              7: "+7+"
INFO -                 *8: "+8+"
INFO -                  9: "+9+"
INFO -                  10: "+10+"
INFO -              11: "+11+"
INFO -                 *12: "+12+"
INFO -                  13: "+13+"
INFO -                  14: "+14+"
INFO -         *15: "+15+"
INFO -                 *16: "+16+"
INFO -                  17: "+17+"
INFO -                  18: "+18+"
INFO -             *19: "+19+"
INFO -                 *20: "+20+"
INFO -                  21: "+21+"
INFO -                  22: "+22+"
INFO -              23: "+23+"
INFO -                 *24: "+24+"
INFO -                  25: "+25+"
INFO -                  26: "+26+"
INFO -              27: "+27+"
INFO -                 *28: "+28+"
INFO -                  29: "+29+"
INFO -                  30: "+30+"
INFO -          31: "+31+"
INFO -                 *32: "+32+"
INFO -                  33: "+33+"
INFO -                  34: "+34+"
INFO -             *35: "+35+"
INFO -                 *36: "+36+"
INFO -                  37: "+37+"
INFO -                  38: "+38+"
INFO -              39: "+39+"
INFO -                 *40: "+40+"
INFO -                  41: "+41+"
INFO -                  42: "+42+"
INFO -              43: "+43+"
INFO -                 *44: "+44+"
INFO -                  45: "+45+"
INFO -                  46: "+46+"
INFO -          47: "+47+"
INFO -                 *48: "+48+"
INFO -                  49: "+49+"
INFO -                  50: "+50+"
INFO -             *51: "+51+"
INFO -                 *52: "+52+"
INFO -                  53: "+53+"
INFO -                  54: "+54+"
INFO -              55: "+55+"
INFO -                 *56: "+56+"
INFO -                  57: "+57+"
INFO -                  58: "+58+"
INFO -              59: "+59+"
INFO -                 *60: "+60+"
INFO -                  61: "+61+"
INFO -                  62: "+62+"
INFO -     *63: "+63+"
INFO -                 *64: "+64+"
INFO -                  65: "+65+"
INFO -                  66: "+66+"
INFO -             *67: "+67+"
INFO -                 *68: "+68+"
INFO -                  69: "+69+"
INFO -                  70: "+70+"
INFO -              71: "+71+"
INFO -                 *72: "+72+"
INFO -                  73: "+73+"
INFO -                  74: "+74+"
INFO -              75: "+75+"
INFO -                 *76: "+76+"
INFO -                  77: "+77+"
INFO -                  78: "+78+"
INFO -         *79: "+79+"
INFO -                 *80: "+80+"
INFO -                  81: "+81+"
INFO -                  82: "+82+"
INFO -             *83: "+83+"
INFO -                 *84: "+84+"
INFO -                  85: "+85+"
INFO -                  86: "+86+"
INFO -              87: "+87+"
INFO -                 *88: "+88+"
INFO -                  89: "+89+"
INFO -                  90: "+90+"
INFO -              91: "+91+"
INFO -                 *92: "+92+"
INFO -                  93: "+93+"
INFO -                  94: "+94+"
INFO -          95: "+95+"
INFO -                 *96: "+96+"
INFO -                  97: "+97+"
INFO -                  98: "+98+"
INFO -             *99: "+99+"
INFO -                 *100: "+100+"
INFO -                  100: "#100###"
INFO -                  101: "+101+"
INFO -                  102: "+102+"
INFO -                  102: "#102###"
INFO -              103: "+103+"
INFO -                 *104: "+104+"
INFO -                  104: "#104###"
INFO -                  105: "+105+"
INFO -                  106: "+106+"
INFO -                  106: "#106###"
INFO -              107: "+107+"
INFO -                 *108: "+108+"
INFO -                  108: "#108###"
INFO -                  109: "+109+"
INFO -                  110: "+110+"
INFO -                  110: "#110###"
INFO -          111: "+111+"
INFO -                 *112: "+112+"
INFO -                  112: "#112###"
INFO -                  113: "+113+"
INFO -                  114: "+114+"
INFO -                  114: "#114###"
INFO -             *115: "+115+"
INFO -                 *116: "+116+"
INFO -                  116: "#116###"
INFO -                  117: "+117+"
INFO -                  118: "+118+"
INFO -                  118: "#118###"
INFO -              119: "+119+"
INFO -                 *120: "+120+"
INFO -                  120: "#120###"
INFO -                  121: "+121+"
INFO -                  122: "+122+"
INFO -                  122: "#122###"
INFO -              123: "+123+"
INFO -                 *124: "+124+"
INFO -                  124: "#124###"
INFO -                  125: "+125+"
INFO -                  126: "+126+"
INFO -                  126: "#126###"
INFO -      127: "+127+"
INFO -                 *128: "+128+"
INFO -                  128: "#128###"
INFO -                  129: "+129+"
INFO -                  130: "+130+"
INFO -                  130: "#130###"
INFO -             *131: "+131+"
INFO -                 *132: "+132+"
INFO -                  132: "#132###"
INFO -                  133: "+133+"
INFO -                  134: "+134+"
INFO -                  134: "#134###"
INFO -              135: "+135+"
INFO -                 *136: "+136+"
INFO -                  136: "#136###"
INFO -                  137: "+137+"
INFO -                  138: "+138+"
INFO -                  138: "#138###"
INFO -              139: "+139+"
INFO -                 *140: "+140+"
INFO -                  140: "#140###"
INFO -                  141: "+141+"
INFO -                  142: "+142+"
INFO -                  142: "#142###"
INFO -         *143: "+143+"
INFO -                 *144: "+144+"
INFO -                  144: "#144###"
INFO -                  145: "+145+"
INFO -                  146: "+146+"
INFO -                  146: "#146###"
INFO -             *147: "+147+"
INFO -                 *148: "+148+"
INFO -                  148: "#148###"
INFO -                  149: "+149+"
INFO -                  150: "+150+"
INFO -                  150: "#150###"
INFO -              151: "+151+"
INFO -                 *152: "+152+"
INFO -                  152: "#152###"
INFO -                  153: "+153+"
INFO -                  154: "+154+"
INFO -                  154: "#154###"
INFO -              155: "+155+"
INFO -                 *156: "+156+"
INFO -                  156: "#156###"
INFO -                  157: "+157+"
INFO -                  158: "+158+"
INFO -                  158: "#158###"
INFO -          159: "+159+"
INFO -                 *160: "+160+"
INFO -                  160: "#160###"
INFO -                  161: "+161+"
INFO -                  162: "+162+"
INFO -                  162: "#162###"
INFO -             *163: "+163+"
INFO -                 *164: "+164+"
INFO -                  164: "#164###"
INFO -                  165: "+165+"
INFO -                  166: "+166+"
INFO -                  166: "#166###"
INFO -              167: "+167+"
INFO -                 *168: "+168+"
INFO -                  168: "#168###"
INFO -                  169: "+169+"
INFO -                  170: "+170+"
INFO -                  170: "#170###"
INFO -              171: "+171+"
INFO -                 *172: "+172+"
INFO -                  172: "#172###"
INFO -                  173: "+173+"
INFO -                  174: "+174+"
INFO -                  174: "#174###"
INFO -          175: "+175+"
INFO -                 *176: "+176+"
INFO -                  176: "#176###"
INFO -                  177: "+177+"
INFO -                  178: "+178+"
INFO -                  178: "#178###"
INFO -             *179: "+179+"
INFO -                 *180: "+180+"
INFO -                  180: "#180###"
INFO -                  181: "+181+"
INFO -                  182: "+182+"
INFO -                  182: "#182###"
INFO -              183: "+183+"
INFO -                 *184: "+184+"
INFO -                  184: "#184###"
INFO -                  185: "+185+"
INFO -                  186: "+186+"
INFO -                  186: "#186###"
INFO -              187: "+187+"
INFO -                 *188: "+188+"
INFO -                  188: "#188###"
INFO -                  189: "+189+"
INFO -                  190: "+190+"
INFO -                  190: "#190###"
INFO -      191: "+191+"
INFO -                 *192: "+192+"
INFO -                  192: "#192###"
INFO -                  193: "+193+"
INFO -                  194: "+194+"
INFO -                  194: "#194###"
INFO -             *195: "+195+"
INFO -                 *196: "+196+"
INFO -                  196: "#196###"
INFO -                  197: "+197+"
INFO -                  198: "+198+"
INFO -                  198: "#198###"
INFO -              199: "+199+"
INFO -                 *200: "+200+"
INFO -                  201: "+201+"
INFO -                  202: "+202+"
INFO -              203: "+203+"
INFO -                 *204: "+204+"
INFO -                  205: "+205+"
INFO -                  206: "+206+"
INFO -         *207: "+207+"
INFO -                 *208: "+208+"
INFO -                  209: "+209+"
INFO -                  210: "+210+"
INFO -             *211: "+211+"
INFO -                 *212: "+212+"
INFO -                  213: "+213+"
INFO -                  214: "+214+"
INFO -              215: "+215+"
INFO -                 *216: "+216+"
INFO -                  217: "+217+"
INFO -                  218: "+218+"
INFO -              219: "+219+"
INFO -                 *220: "+220+"
INFO -                  221: "+221+"
INFO -                  222: "+222+"
INFO -          223: "+223+"
INFO -                 *224: "+224+"
INFO -                  225: "+225+"
INFO -                  226: "+226+"
INFO -             *227: "+227+"
INFO -                 *228: "+228+"
INFO -                  229: "+229+"
INFO -                  230: "+230+"
INFO -              231: "+231+"
INFO -                 *232: "+232+"
INFO -                  233: "+233+"
INFO -                  234: "+234+"
INFO -              235: "+235+"
INFO -                 *236: "+236+"
INFO -                  237: "+237+"
INFO -                  238: "+238+"
INFO -          239: "+239+"
INFO -                 *240: "+240+"
INFO -                  241: "+241+"
INFO -                  242: "+242+"
INFO -             *243: "+243+"
INFO -                 *244: "+244+"
INFO -                  245: "+245+"
INFO -                  246: "+246+"
INFO -              247: "+247+"
INFO -                 *248: "+248+"
INFO -                  249: "+249+"
INFO -                  250: "+250+"
INFO -              251: "+251+"
INFO -                 *252: "+252+"
INFO -                  253: "+253+"
INFO -                  254: "+254+"
INFO - *255: "+255+"
INFO -                 *256: "+256+"
INFO -                  257: "+257+"
INFO -                  258: "+258+"
INFO -             *259: "+259+"
INFO -                 *260: "+260+"
INFO -                  261: "+261+"
INFO -                  262: "+262+"
INFO -              263: "+263+"
INFO -                 *264: "+264+"
INFO -                  265: "+265+"
INFO -                  266: "+266+"
INFO -              267: "+267+"
INFO -                 *268: "+268+"
INFO -                  269: "+269+"
INFO -                  270: "+270+"
INFO -         *271: "+271+"
INFO -                 *272: "+272+"
INFO -                  273: "+273+"
INFO -                  274: "+274+"
INFO -             *275: "+275+"
INFO -                 *276: "+276+"
INFO -                  277: "+277+"
INFO -                  278: "+278+"
INFO -              279: "+279+"
INFO -                 *280: "+280+"
INFO -                  281: "+281+"
INFO -                  282: "+282+"
INFO -              283: "+283+"
INFO -                 *284: "+284+"
INFO -                  285: "+285+"
INFO -                  286: "+286+"
INFO -          287: "+287+"
INFO -                 *288: "+288+"
INFO -                  289: "+289+"
INFO -                  290: "+290+"
INFO -             *291: "+291+"
INFO -                 *292: "+292+"
INFO -                  293: "+293+"
INFO -                  294: "+294+"
INFO -              295: "+295+"
INFO -                 *296: "+296+"
INFO -                  297: "+297+"
INFO -                  298: "+298+"
INFO -              299: "+299+"
INFO -                 *300: "+300+"
INFO -                  301: "+301+"
INFO -                  302: "+302+"
INFO -          303: "+303+"
INFO -                 *304: "+304+"
INFO -                  305: "+305+"
INFO -                  306: "+306+"
INFO -             *307: "+307+"
INFO -                 *308: "+308+"
INFO -                  309: "+309+"
INFO -                  310: "+310+"
INFO -              311: "+311+"
INFO -                 *312: "+312+"
INFO -                  313: "+313+"
INFO -                  314: "+314+"
INFO -              315: "+315+"
INFO -                 *316: "+316+"
INFO -                  317: "+317+"
INFO -                  318: "+318+"
INFO -     *319: "+319+"
INFO -                 *320: "+320+"
INFO -                  321: "+321+"
INFO -                  322: "+322+"
INFO -             *323: "+323+"
INFO -                 *324: "+324+"
INFO -                  325: "+325+"
INFO -                  326: "+326+"
INFO -              327: "+327+"
INFO -                 *328: "+328+"
INFO -                  329: "+329+"
INFO -                  330: "+330+"
INFO -              331: "+331+"
INFO -                 *332: "+332+"
INFO -                  333: "+333+"
INFO -                  334: "+334+"
INFO -         *335: "+335+"
INFO -                 *336: "+336+"
INFO -                  337: "+337+"
INFO -                  338: "+338+"
INFO -             *339: "+339+"
INFO -                 *340: "+340+"
INFO -                  341: "+341+"
INFO -                  342: "+342+"
INFO -              343: "+343+"
INFO -                 *344: "+344+"
INFO -                  345: "+345+"
INFO -                  346: "+346+"
INFO -              347: "+347+"
INFO -                 *348: "+348+"
INFO -                  349: "+349+"
INFO -                  350: "+350+"
INFO -          351: "+351+"
INFO -                 *352: "+352+"
INFO -                  353: "+353+"
INFO -                  354: "+354+"
INFO -             *355: "+355+"
INFO -                 *356: "+356+"
INFO -                  357: "+357+"
INFO -                  358: "+358+"
INFO -              359: "+359+"
INFO -                 *360: "+360+"
INFO -                  361: "+361+"
INFO -                  362: "+362+"
INFO -              363: "+363+"
INFO -                 *364: "+364+"
INFO -                  365: "+365+"
INFO -                  366: "+366+"
INFO -          367: "+367+"
INFO -                 *368: "+368+"
INFO -                  369: "+369+"
INFO -                  370: "+370+"
INFO -             *371: "+371+"
INFO -                 *372: "+372+"
INFO -                  373: "+373+"
INFO -                  374: "+374+"
INFO -              375: "+375+"
INFO -                 *376: "+376+"
INFO -                  377: "+377+"
INFO -                  378: "+378+"
INFO -              379: "+379+"
INFO -                 *380: "+380+"
INFO -                  381: "+381+"
INFO -                  382: "+382+"
INFO -      383: "+383+"
INFO -                 *384: "+384+"
INFO -                  385: "+385+"
INFO -                  386: "+386+"
INFO -             *387: "+387+"
INFO -                 *388: "+388+"
INFO -                  389: "+389+"
INFO -                  390: "+390+"
INFO -              391: "+391+"
INFO -                 *392: "+392+"
INFO -                  393: "+393+"
INFO -                  394: "+394+"
INFO -              395: "+395+"
INFO -                 *396: "+396+"
INFO -                  397: "+397+"
INFO -                  398: "+398+"
INFO -         *399: "+399+"
INFO -                 *400: "+400+"
INFO -                  401: "+401+"
INFO -                  402: "+402+"
INFO -             *403: "+403+"
INFO -                 *404: "+404+"
INFO -                  405: "+405+"
INFO -                  406: "+406+"
INFO -              407: "+407+"
INFO -                 *408: "+408+"
INFO -                  409: "+409+"
INFO -                  410: "+410+"
INFO -              411: "+411+"
INFO -                 *412: "+412+"
INFO -                  413: "+413+"
INFO -                  414: "+414+"
INFO -          415: "+415+"
INFO -                 *416: "+416+"
INFO -                  417: "+417+"
INFO -                  418: "+418+"
INFO -             *419: "+419+"
INFO -                 *420: "+420+"
INFO -                  421: "+421+"
INFO -                  422: "+422+"
INFO -              423: "+423+"
INFO -                 *424: "+424+"
INFO -                  425: "+425+"
INFO -                  426: "+426+"
INFO -              427: "+427+"
INFO -                 *428: "+428+"
INFO -                  429: "+429+"
INFO -                  430: "+430+"
INFO -          431: "+431+"
INFO -                 *432: "+432+"
INFO -                  433: "+433+"
INFO -                  434: "+434+"
INFO -             *435: "+435+"
INFO -                 *436: "+436+"
INFO -                  437: "+437+"
INFO -                  438: "+438+"
INFO -              439: "+439+"
INFO -                 *440: "+440+"
INFO -                  441: "+441+"
INFO -                  442: "+442+"
INFO -              443: "+443+"
INFO -                 *444: "+444+"
INFO -                  445: "+445+"
INFO -                  446: "+446+"
INFO -      447: "+447+"
INFO -                 *448: "+448+"
INFO -                  449: "+449+"
INFO -                  450: "+450+"
INFO -             *451: "+451+"
INFO -                 *452: "+452+"
INFO -                  453: "+453+"
INFO -                  454: "+454+"
INFO -              455: "+455+"
INFO -                 *456: "+456+"
INFO -                  457: "+457+"
INFO -                  458: "+458+"
INFO -              459: "+459+"
INFO -                 *460: "+460+"
INFO -                  461: "+461+"
INFO -                  462: "+462+"
INFO -         *463: "+463+"
INFO -                 *464: "+464+"
INFO -                  465: "+465+"
INFO -                  466: "+466+"
INFO -             *467: "+467+"
INFO -                 *468: "+468+"
INFO -                  469: "+469+"
INFO -                  470: "+470+"
INFO -              471: "+471+"
INFO -                 *472: "+472+"
INFO -                  473: "+473+"
INFO -                  474: "+474+"
INFO -              475: "+475+"
INFO -                 *476: "+476+"
INFO -                  477: "+477+"
INFO -                  478: "+478+"
INFO -          479: "+479+"
INFO -                 *480: "+480+"
INFO -                  481: "+481+"
INFO -                  482: "+482+"
INFO -             *483: "+483+"
INFO -                 *484: "+484+"
INFO -                  485: "+485+"
INFO -                  486: "+486+"
INFO -              487: "+487+"
INFO -                 *488: "+488+"
INFO -                  489: "+489+"
INFO -                  490: "+490+"
INFO -              491: "+491+"
INFO -                 *492: "+492+"
INFO -                  493: "+493+"
INFO -                  494: "+494+"
INFO -          495: "+495+"
INFO -                 *496: "+496+"
INFO -                  497: "+497+"
INFO -                  498: "+498+"
INFO -             *499: "+499+"
INFO -                 *500: "+500+"
INFO -                  501: "+501+"
INFO -                  502: "+502+"
INFO -              503: "+503+"
INFO -                 *504: "+504+"
INFO -                  505: "+505+"
INFO -                  506: "+506+"
INFO -              507: "+507+"
INFO -                 *508: "+508+"
INFO -                  509: "+509+"
INFO -                  510: "+510+"
INFO -  511: "+511+"
INFO -                 *512: "+512+"
INFO -                  513: "+513+"
INFO -                  514: "+514+"
INFO -             *515: "+515+"
INFO -                 *516: "+516+"
INFO -                  517: "+517+"
INFO -                  518: "+518+"
INFO -              519: "+519+"
INFO -                 *520: "+520+"
INFO -                  521: "+521+"
INFO -                  522: "+522+"
INFO -              523: "+523+"
INFO -                 *524: "+524+"
INFO -                  525: "+525+"
INFO -                  526: "+526+"
INFO -         *527: "+527+"
INFO -                 *528: "+528+"
INFO -                  529: "+529+"
INFO -                  530: "+530+"
INFO -             *531: "+531+"
INFO -                 *532: "+532+"
INFO -                  533: "+533+"
INFO -                  534: "+534+"
INFO -              535: "+535+"
INFO -                 *536: "+536+"
INFO -                  537: "+537+"
INFO -                  538: "+538+"
INFO -              539: "+539+"
INFO -                 *540: "+540+"
INFO -                  541: "+541+"
INFO -                  542: "+542+"
INFO -          543: "+543+"
INFO -                 *544: "+544+"
INFO -                  545: "+545+"
INFO -                  546: "+546+"
INFO -             *547: "+547+"
INFO -                 *548: "+548+"
INFO -                  549: "+549+"
INFO -                  550: "+550+"
INFO -              551: "+551+"
INFO -                 *552: "+552+"
INFO -                  553: "+553+"
INFO -                  554: "+554+"
INFO -              555: "+555+"
INFO -                 *556: "+556+"
INFO -                  557: "+557+"
INFO -                  558: "+558+"
INFO -          559: "+559+"
INFO -                 *560: "+560+"
INFO -                  561: "+561+"
INFO -                  562: "+562+"
INFO -             *563: "+563+"
INFO -                 *564: "+564+"
INFO -                  565: "+565+"
INFO -                  566: "+566+"
INFO -              567: "+567+"
INFO -                 *568: "+568+"
INFO -                  569: "+569+"
INFO -                  570: "+570+"
INFO -              571: "+571+"
INFO -                 *572: "+572+"
INFO -                  573: "+573+"
INFO -                  574: "+574+"
INFO -     *575: "+575+"
INFO -                 *576: "+576+"
INFO -                  577: "+577+"
INFO -                  578: "+578+"
INFO -             *579: "+579+"
INFO -                 *580: "+580+"
INFO -                  581: "+581+"
INFO -                  582: "+582+"
INFO -              583: "+583+"
INFO -                 *584: "+584+"
INFO -                  585: "+585+"
INFO -                  586: "+586+"
INFO -              587: "+587+"
INFO -                 *588: "+588+"
INFO -                  589: "+589+"
INFO -                  590: "+590+"
INFO -         *591: "+591+"
INFO -                 *592: "+592+"
INFO -                  593: "+593+"
INFO -                  594: "+594+"
INFO -             *595: "+595+"
INFO -                 *596: "+596+"
INFO -                  597: "+597+"
INFO -                  598: "+598+"
INFO -              599: "+599+"
INFO -                 *600: "+600+"
INFO -                  601: "+601+"
INFO -                  602: "+602+"
INFO -              603: "+603+"
INFO -                 *604: "+604+"
INFO -                  605: "+605+"
INFO -                  606: "+606+"
INFO -          607: "+607+"
INFO -                 *608: "+608+"
INFO -                  609: "+609+"
INFO -                  610: "+610+"
INFO -             *611: "+611+"
INFO -                 *612: "+612+"
INFO -                  613: "+613+"
INFO -                  614: "+614+"
INFO -              615: "+615+"
INFO -                 *616: "+616+"
INFO -                  617: "+617+"
INFO -                  618: "+618+"
INFO -              619: "+619+"
INFO -                 *620: "+620+"
INFO -                  621: "+621+"
INFO -                  622: "+622+"
INFO -          623: "+623+"
INFO -                 *624: "+624+"
INFO -                  625: "+625+"
INFO -                  626: "+626+"
INFO -             *627: "+627+"
INFO -                 *628: "+628+"
INFO -                  629: "+629+"
INFO -                  630: "+630+"
INFO -              631: "+631+"
INFO -                 *632: "+632+"
INFO -                  633: "+633+"
INFO -                  634: "+634+"
INFO -              635: "+635+"
INFO -                 *636: "+636+"
INFO -                  637: "+637+"
INFO -                  638: "+638+"
INFO -      639: "+639+"
INFO -                 *640: "+640+"
INFO -                  641: "+641+"
INFO -                  642: "+642+"
INFO -             *643: "+643+"
INFO -                 *644: "+644+"
INFO -                  645: "+645+"
INFO -                  646: "+646+"
INFO -              647: "+647+"
INFO -                 *648: "+648+"
INFO -                  649: "+649+"
INFO -                  650: "+650+"
INFO -              651: "+651+"
INFO -                 *652: "+652+"
INFO -                  653: "+653+"
INFO -                  654: "+654+"
INFO -         *655: "+655+"
INFO -                 *656: "+656+"
INFO -                  657: "+657+"
INFO -                  658: "+658+"
INFO -             *659: "+659+"
INFO -                 *660: "+660+"
INFO -                  661: "+661+"
INFO -                  662: "+662+"
INFO -              663: "+663+"
INFO -                 *664: "+664+"
INFO -                  665: "+665+"
INFO -                  666: "+666+"
INFO -              667: "+667+"
INFO -                 *668: "+668+"
INFO -                  669: "+669+"
INFO -                  670: "+670+"
INFO -          671: "+671+"
INFO -                 *672: "+672+"
INFO -                  673: "+673+"
INFO -                  674: "+674+"
INFO -             *675: "+675+"
INFO -                 *676: "+676+"
INFO -                  677: "+677+"
INFO -                  678: "+678+"
INFO -              679: "+679+"
INFO -                 *680: "+680+"
INFO -                  681: "+681+"
INFO -                  682: "+682+"
INFO -              683: "+683+"
INFO -                 *684: "+684+"
INFO -                  685: "+685+"
INFO -                  686: "+686+"
INFO -          687: "+687+"
INFO -                 *688: "+688+"
INFO -                  689: "+689+"
INFO -                  690: "+690+"
INFO -             *691: "+691+"
INFO -                 *692: "+692+"
INFO -                  693: "+693+"
INFO -                  694: "+694+"
INFO -              695: "+695+"
INFO -                 *696: "+696+"
INFO -                  697: "+697+"
INFO -                  698: "+698+"
INFO -              699: "+699+"
INFO -                 *700: "+700+"
INFO -                  701: "+701+"
INFO -                  702: "+702+"
INFO -      703: "+703+"
INFO -                 *704: "+704+"
INFO -                  705: "+705+"
INFO -                  706: "+706+"
INFO -             *707: "+707+"
INFO -                 *708: "+708+"
INFO -                  709: "+709+"
INFO -                  710: "+710+"
INFO -              711: "+711+"
INFO -                 *712: "+712+"
INFO -                  713: "+713+"
INFO -                  714: "+714+"
INFO -              715: "+715+"
INFO -                 *716: "+716+"
INFO -                  717: "+717+"
INFO -                  718: "+718+"
INFO -         *719: "+719+"
INFO -                 *720: "+720+"
INFO -                  721: "+721+"
INFO -                  722: "+722+"
INFO -             *723: "+723+"
INFO -                 *724: "+724+"
INFO -                  725: "+725+"
INFO -                  726: "+726+"
INFO -              727: "+727+"
INFO -                 *728: "+728+"
INFO -                  729: "+729+"
INFO -                  730: "+730+"
INFO -              731: "+731+"
INFO -                 *732: "+732+"
INFO -                  733: "+733+"
INFO -                  734: "+734+"
INFO -          735: "+735+"
INFO -                 *736: "+736+"
INFO -                  737: "+737+"
INFO -                  738: "+738+"
INFO -             *739: "+739+"
INFO -                 *740: "+740+"
INFO -                  741: "+741+"
INFO -                  742: "+742+"
INFO -              743: "+743+"
INFO -                 *744: "+744+"
INFO -                  745: "+745+"
INFO -                  746: "+746+"
INFO -              747: "+747+"
INFO -                 *748: "+748+"
INFO -                  749: "+749+"
INFO -                  750: "+750+"
INFO -          751: "+751+"
INFO -                 *752: "+752+"
INFO -                  753: "+753+"
INFO -                  754: "+754+"
INFO -             *755: "+755+"
INFO -                 *756: "+756+"
INFO -                  757: "+757+"
INFO -                  758: "+758+"
INFO -              759: "+759+"
INFO -                 *760: "+760+"
INFO -                  761: "+761+"
INFO -                  762: "+762+"
INFO -              763: "+763+"
INFO -                 *764: "+764+"
INFO -                  765: "+765+"
INFO -                  766: "+766+"
INFO -      767: "+767+"
INFO -                 *768: "+768+"
INFO -                  769: "+769+"
INFO -                  770: "+770+"
INFO -             *771: "+771+"
INFO -                 *772: "+772+"
INFO -                  773: "+773+"
INFO -                  774: "+774+"
INFO -              775: "+775+"
INFO -                 *776: "+776+"
INFO -                  777: "+777+"
INFO -                  778: "+778+"
INFO -              779: "+779+"
INFO -                 *780: "+780+"
INFO -                  781: "+781+"
INFO -                  782: "+782+"
INFO -         *783: "+783+"
INFO -                 *784: "+784+"
INFO -                  785: "+785+"
INFO -                  786: "+786+"
INFO -             *787: "+787+"
INFO -                 *788: "+788+"
INFO -                  789: "+789+"
INFO -                  790: "+790+"
INFO -              791: "+791+"
INFO -                 *792: "+792+"
INFO -                  793: "+793+"
INFO -                  794: "+794+"
INFO -              795: "+795+"
INFO -                 *796: "+796+"
INFO -                  797: "+797+"
INFO -                  798: "+798+"
INFO -          799: "+799+"
INFO -                 *800: "+800+"
INFO -                  801: "+801+"
INFO -                  802: "+802+"
INFO -             *803: "+803+"
INFO -                 *804: "+804+"
INFO -                  805: "+805+"
INFO -                  806: "+806+"
INFO -              807: "+807+"
INFO -                 *808: "+808+"
INFO -                  809: "+809+"
INFO -                  810: "+810+"
INFO -              811: "+811+"
INFO -                 *812: "+812+"
INFO -                  813: "+813+"
INFO -                  814: "+814+"
INFO -          815: "+815+"
INFO -                 *816: "+816+"
INFO -                  817: "+817+"
INFO -                  818: "+818+"
INFO -             *819: "+819+"
INFO -                 *820: "+820+"
INFO -                  821: "+821+"
INFO -                  822: "+822+"
INFO -              823: "+823+"
INFO -                 *824: "+824+"
INFO -                  825: "+825+"
INFO -                  826: "+826+"
INFO -              827: "+827+"
INFO -                 *828: "+828+"
INFO -                  829: "+829+"
INFO -                  830: "+830+"
INFO -      831: "+831+"
INFO -                 *832: "+832+"
INFO -                  833: "+833+"
INFO -                  834: "+834+"
INFO -             *835: "+835+"
INFO -                 *836: "+836+"
INFO -                  837: "+837+"
INFO -                  838: "+838+"
INFO -              839: "+839+"
INFO -                 *840: "+840+"
INFO -                  841: "+841+"
INFO -                  842: "+842+"
INFO -              843: "+843+"
INFO -                 *844: "+844+"
INFO -                  845: "+845+"
INFO -                  846: "+846+"
INFO -         *847: "+847+"
INFO -                 *848: "+848+"
INFO -                  849: "+849+"
INFO -                  850: "+850+"
INFO -             *851: "+851+"
INFO -                 *852: "+852+"
INFO -                  853: "+853+"
INFO -                  854: "+854+"
INFO -              855: "+855+"
INFO -                 *856: "+856+"
INFO -                  857: "+857+"
INFO -                  858: "+858+"
INFO -              859: "+859+"
INFO -                 *860: "+860+"
INFO -                  861: "+861+"
INFO -                  862: "+862+"
INFO -          863: "+863+"
INFO -                 *864: "+864+"
INFO -                  865: "+865+"
INFO -                  866: "+866+"
INFO -             *867: "+867+"
INFO -                 *868: "+868+"
INFO -                  869: "+869+"
INFO -                  870: "+870+"
INFO -              871: "+871+"
INFO -                 *872: "+872+"
INFO -                  873: "+873+"
INFO -                  874: "+874+"
INFO -              875: "+875+"
INFO -                 *876: "+876+"
INFO -                  877: "+877+"
INFO -                  878: "+878+"
INFO -          879: "+879+"
INFO -                 *880: "+880+"
INFO -                  881: "+881+"
INFO -                  882: "+882+"
INFO -             *883: "+883+"
INFO -                 *884: "+884+"
INFO -                  885: "+885+"
INFO -                  886: "+886+"
INFO -              887: "+887+"
INFO -                 *888: "+888+"
INFO -                  889: "+889+"
INFO -                  890: "+890+"
INFO -              891: "+891+"
INFO -                 *892: "+892+"
INFO -                  893: "+893+"
INFO -                  894: "+894+"
INFO -      895: "+895+"
INFO -                 *896: "+896+"
INFO -                  897: "+897+"
INFO -                  898: "+898+"
INFO -             *899: "+899+"
INFO -                 *900: "+900+"
INFO -                  901: "+901+"
INFO -                  902: "+902+"
INFO -              903: "+903+"
INFO -                 *904: "+904+"
INFO -                  905: "+905+"
INFO -                  906: "+906+"
INFO -              907: "+907+"
INFO -                 *908: "+908+"
INFO -                  909: "+909+"
INFO -                  910: "+910+"
INFO -         *911: "+911+"
INFO -                 *912: "+912+"
INFO -                  913: "+913+"
INFO -                  914: "+914+"
INFO -             *915: "+915+"
INFO -                 *916: "+916+"
INFO -                  917: "+917+"
INFO -                  918: "+918+"
INFO -              919: "+919+"
INFO -                 *920: "+920+"
INFO -                  921: "+921+"
INFO -                  922: "+922+"
INFO -              923: "+923+"
INFO -                 *924: "+924+"
INFO -                  925: "+925+"
INFO -                  926: "+926+"
INFO -          927: "+927+"
INFO -                 *928: "+928+"
INFO -                  929: "+929+"
INFO -                  930: "+930+"
INFO -             *931: "+931+"
INFO -                 *932: "+932+"
INFO -                  933: "+933+"
INFO -                  934: "+934+"
INFO -              935: "+935+"
INFO -                 *936: "+936+"
INFO -                  937: "+937+"
INFO -                  938: "+938+"
INFO -              939: "+939+"
INFO -                 *940: "+940+"
INFO -                  941: "+941+"
INFO -                  942: "+942+"
INFO -          943: "+943+"
INFO -                 *944: "+944+"
INFO -                  945: "+945+"
INFO -                  946: "+946+"
INFO -             *947: "+947+"
INFO -                 *948: "+948+"
INFO -                  949: "+949+"
INFO -                  950: "+950+"
INFO -              951: "+951+"
INFO -                 *952: "+952+"
INFO -                  953: "+953+"
INFO -                  954: "+954+"
INFO -              955: "+955+"
INFO -                 *956: "+956+"
INFO -                  957: "+957+"
INFO -                  958: "+958+"
INFO -          959: "+959+"
INFO -                 *960: "+960+"
INFO -                  961: "+961+"
INFO -                  962: "+962+"
INFO -             *963: "+963+"
INFO -                 *964: "+964+"
INFO -                  965: "+965+"
INFO -                  966: "+966+"
INFO -              967: "+967+"
INFO -                 *968: "+968+"
INFO -                  969: "+969+"
INFO -                  970: "+970+"
INFO -              971: "+971+"
INFO -                 *972: "+972+"
INFO -                  973: "+973+"
INFO -                  974: "+974+"
INFO -          975: "+975+"
INFO -                 *976: "+976+"
INFO -                  977: "+977+"
INFO -                  978: "+978+"
INFO -             *979: "+979+"
INFO -                 *980: "+980+"
INFO -                  981: "+981+"
INFO -                  982: "+982+"
INFO -              983: "+983+"
INFO -                 *984: "+984+"
INFO -                  985: "+985+"
INFO -                  986: "+986+"
INFO -              987: "+987+"
INFO -                 *988: "+988+"
INFO -                  989: "+989+"
INFO -                  990: "+990+"
INFO -              991: "+991+"
INFO -                 *992: "+992+"
INFO -                  993: "+993+"
INFO -                  994: "+994+"
INFO -              995: "+995+"
INFO -                 *996: "+996+"
INFO -                  997: "+997+"
INFO -                  998: "+998+"
INFO -                  999: "+999+"
INFO -                  1000: "+1000+"
INFO - ---------------
INFO - delete: key in reversed(range(1001))
INFO - B-Tree Order: 8, minimum degree: 4, #items/node: 3 - 7, height: 2, items: 50
INFO -         *100: "#100###"
INFO -          102: "#102###"
INFO -          104: "#104###"
INFO -          106: "#106###"
INFO -          108: "#108###"
INFO -          110: "#110###"
INFO -     *112: "#112###"
INFO -         *114: "#114###"
INFO -          116: "#116###"
INFO -          118: "#118###"
INFO -      120: "#120###"
INFO -         *122: "#122###"
INFO -          124: "#124###"
INFO -          126: "#126###"
INFO -      128: "#128###"
INFO -         *130: "#130###"
INFO -          132: "#132###"
INFO -          134: "#134###"
INFO - *136: "#136###"
INFO -         *138: "#138###"
INFO -          140: "#140###"
INFO -          142: "#142###"
INFO -     *144: "#144###"
INFO -         *146: "#146###"
INFO -          148: "#148###"
INFO -          150: "#150###"
INFO -      152: "#152###"
INFO -         *154: "#154###"
INFO -          156: "#156###"
INFO -          158: "#158###"
INFO -      160: "#160###"
INFO -         *162: "#162###"
INFO -          164: "#164###"
INFO -          166: "#166###"
INFO -  168: "#168###"
INFO -         *170: "#170###"
INFO -          172: "#172###"
INFO -          174: "#174###"
INFO -     *176: "#176###"
INFO -         *178: "#178###"
INFO -          180: "#180###"
INFO -          182: "#182###"
INFO -      184: "#184###"
INFO -         *186: "#186###"
INFO -          188: "#188###"
INFO -          190: "#190###"
INFO -      192: "#192###"
INFO -         *194: "#194###"
INFO -          196: "#196###"
INFO -          198: "#198###"
INFO - ---------------
INFO - B-Tree Order: 6, minimum degree: 3, #items/node: 2 - 5, height: 0, items: 0
INFO - ---------------
INFO - insert: "={key}=" in range(1001)
INFO - delete: key in range(0, 1001, 2)
INFO - delete: key in reversed(range(0, 1001, 3))
INFO - delete: key in range(0, 1001, 5)
INFO - delete: key in reversed(range(0, 1001, 7))
INFO - delete: key in range(0, 1001, 11)
INFO - delete: key in reversed(range(0, 1001, 13))
INFO - delete: key in range(0, 1001, 17)
INFO - delete: key in reversed(range(0, 1001, 19))
INFO - delete: key in range(0, 1001, 23)
INFO - delete: key in reversed(range(0, 1001, 29))
INFO - delete: key in range(0, 1001, 31)
INFO - delete: key in reversed(range(0, 1001, 37))
INFO - delete: key in range(0, 1001, 41)
INFO - delete: key in reversed(range(0, 1001, 43))
INFO - delete: key in range(0, 1001, 47)
INFO - delete: key in reversed(range(0, 1001, 53))
INFO - delete: key in range(0, 1001, 59)
INFO - delete: key in reversed(range(0, 1001, 61))
INFO - delete: key in range(0, 1001, 67)
INFO - delete: key in reversed(range(0, 1001, 71))
INFO - delete: key in range(0, 1001, 73)
INFO - delete: key in reversed(range(0, 1001, 79))
INFO - delete: key in range(0, 1001, 83)
INFO - delete: key in reversed(range(0, 1001, 89))
INFO - delete: key in range(0, 1001, 97)
INFO - B-Tree Order: 6, minimum degree: 3, #items/node: 2 - 5, height: 3, items: 144
INFO -             *1: "=1="
INFO -              101: "=101="
INFO -         *103: "=103="
INFO -             *107: "=107="
INFO -              109: "=109="
INFO -              113: "=113="
INFO -          127: "=127="
INFO -             *131: "=131="
INFO -              137: "=137="
INFO -              139: "=139="
INFO -     *149: "=149="
INFO -             *151: "=151="
INFO -              157: "=157="
INFO -              163: "=163="
INFO -              167: "=167="
INFO -              173: "=173="
INFO -         *179: "=179="
INFO -             *181: "=181="
INFO -              191: "=191="
INFO -              193: "=193="
INFO -          197: "=197="
INFO -             *199: "=199="
INFO -              211: "=211="
INFO -              223: "=223="
INFO -          227: "=227="
INFO -             *229: "=229="
INFO -              233: "=233="
INFO -              239: "=239="
INFO -      241: "=241="
INFO -             *251: "=251="
INFO -              257: "=257="
INFO -              263: "=263="
INFO -         *269: "=269="
INFO -             *271: "=271="
INFO -              277: "=277="
INFO -              281: "=281="
INFO -          283: "=283="
INFO -             *293: "=293="
INFO -              307: "=307="
INFO -              311: "=311="
INFO -              313: "=313="
INFO -          317: "=317="
INFO -             *331: "=331="
INFO -              337: "=337="
INFO -              347: "=347="
INFO -              349: "=349="
INFO -      353: "=353="
INFO -             *359: "=359="
INFO -              367: "=367="
INFO -              373: "=373="
INFO -         *379: "=379="
INFO -             *383: "=383="
INFO -              389: "=389="
INFO -              397: "=397="
INFO -          401: "=401="
INFO -             *409: "=409="
INFO -              419: "=419="
INFO -              421: "=421="
INFO -              431: "=431="
INFO -              433: "=433="
INFO -          439: "=439="
INFO -             *443: "=443="
INFO -              449: "=449="
INFO -              457: "=457="
INFO -              461: "=461="
INFO - *463: "=463="
INFO -             *467: "=467="
INFO -              479: "=479="
INFO -              487: "=487="
INFO -         *491: "=491="
INFO -             *499: "=499="
INFO -              503: "=503="
INFO -          509: "=509="
INFO -             *521: "=521="
INFO -              523: "=523="
INFO -              541: "=541="
INFO -          547: "=547="
INFO -             *557: "=557="
INFO -              563: "=563="
INFO -              569: "=569="
INFO -              571: "=571="
INFO -              577: "=577="
INFO -     *587: "=587="
INFO -             *593: "=593="
INFO -              599: "=599="
INFO -              601: "=601="
INFO -              607: "=607="
INFO -              613: "=613="
INFO -         *617: "=617="
INFO -             *619: "=619="
INFO -              631: "=631="
INFO -              641: "=641="
INFO -          643: "=643="
INFO -             *647: "=647="
INFO -              653: "=653="
INFO -              659: "=659="
INFO -          661: "=661="
INFO -             *673: "=673="
INFO -              677: "=677="
INFO -              683: "=683="
INFO -              691: "=691="
INFO -              701: "=701="
INFO -          709: "=709="
INFO -             *719: "=719="
INFO -              727: "=727="
INFO -              733: "=733="
INFO -              739: "=739="
INFO -          743: "=743="
INFO -             *751: "=751="
INFO -              757: "=757="
INFO -              761: "=761="
INFO -      769: "=769="
INFO -             *773: "=773="
INFO -              787: "=787="
INFO -              797: "=797="
INFO -         *809: "=809="
INFO -             *811: "=811="
INFO -              821: "=821="
INFO -              823: "=823="
INFO -              827: "=827="
INFO -              829: "=829="
INFO -          839: "=839="
INFO -             *853: "=853="
INFO -              857: "=857="
INFO -              859: "=859="
INFO -          863: "=863="
INFO -             *877: "=877="
INFO -              881: "=881="
INFO -              883: "=883="
INFO -      887: "=887="
INFO -             *907: "=907="
INFO -              911: "=911="
INFO -              919: "=919="
INFO -         *929: "=929="
INFO -             *937: "=937="
INFO -              941: "=941="
INFO -          947: "=947="
INFO -             *953: "=953="
INFO -              967: "=967="
INFO -              971: "=971="
INFO -          977: "=977="
INFO -             *983: "=983="
INFO -              991: "=991="
INFO -              997: "=997="
INFO - ---------------
INFO - test finished
